# JRE version: Java(TM) SE Runtime Environment (7.0_45-b18) (build 1.7.0_45-b18)
# Java VM: Java HotSpot(TM) Client VM (24.45-b08 mixed mode windows-x86 )
Heap
 def new generation   total 8384K, used 1003K [0x042d0000, 0x04be0000, 0x09820000)
  eden space 7488K,  13% used [0x042d0000, 0x043cafa8, 0x04a20000)
  from space 896K,   0% used [0x04a20000, 0x04a20000, 0x04b00000)
  to   space 896K,   0% used [0x04b00000, 0x04b00000, 0x04be0000)
 tenured generation   total 18456K, used 10980K [0x09820000, 0x0aa26000, 0x142d0000)
   the space 18456K,  59% used [0x09820000, 0x0a2d9320, 0x0a2d9400, 0x0aa26000)
 compacting perm gen  total 12288K, used 10914K [0x142d0000, 0x14ed0000, 0x182d0000)
   the space 12288K,  88% used [0x142d0000, 0x14d78ad8, 0x14d78c00, 0x14ed0000)
GC Heap History (10 events):
Event: 83.811 GC heap before
{Heap before GC invocations=93 (full 1):
 def new generation   total 8384K, used 8063K [0x042d0000, 0x04be0000, 0x09820000)
  eden space 7488K,  98% used [0x042d0000, 0x04a043e8, 0x04a20000)
  from space 896K,  76% used [0x04b00000, 0x04babb80, 0x04be0000)
  to   space 896K,   0% used [0x04a20000, 0x04a20000, 0x04b00000)
 tenured generation   total 18456K, used 13858K [0x09820000, 0x0aa26000, 0x142d0000)
   the space 18456K,  75% used [0x09820000, 0x0a5a8900, 0x0a5a8a00, 0x0aa26000)
 compacting perm gen  total 12288K, used 10770K [0x142d0000, 0x14ed0000, 0x182d0000)
   the space 12288K,  87% used [0x142d0000, 0x14d549d8, 0x14d54a00, 0x14ed0000)
No shared spaces configured.
Event: 83.812 GC heap after
Heap after GC invocations=94 (full 1):
 def new generation   total 8384K, used 627K [0x042d0000, 0x04be0000, 0x09820000)
  eden space 7488K,   0% used [0x042d0000, 0x042d0000, 0x04a20000)
  from space 896K,  70% used [0x04a20000, 0x04abccf0, 0x04b00000)
  to   space 896K,   0% used [0x04b00000, 0x04b00000, 0x04be0000)
 tenured generation   total 18456K, used 13858K [0x09820000, 0x0aa26000, 0x142d0000)
   the space 18456K,  75% used [0x09820000, 0x0a5a8900, 0x0a5a8a00, 0x0aa26000)
 compacting perm gen  total 12288K, used 10770K [0x142d0000, 0x14ed0000, 0x182d0000)
   the space 12288K,  87% used [0x142d0000, 0x14d549d8, 0x14d54a00, 0x14ed0000)
No shared spaces configured.
}
Event: 83.828 GC heap before
{Heap before GC invocations=94 (full 1):
 def new generation   total 8384K, used 8110K [0x042d0000, 0x04be0000, 0x09820000)
  eden space 7488K,  99% used [0x042d0000, 0x04a1eef8, 0x04a20000)
  from space 896K,  70% used [0x04a20000, 0x04abccf0, 0x04b00000)
  to   space 896K,   0% used [0x04b00000, 0x04b00000, 0x04be0000)
 tenured generation   total 18456K, used 13858K [0x09820000, 0x0aa26000, 0x142d0000)
   the space 18456K,  75% used [0x09820000, 0x0a5a8900, 0x0a5a8a00, 0x0aa26000)
 compacting perm gen  total 12288K, used 10839K [0x142d0000, 0x14ed0000, 0x182d0000)
   the space 12288K,  88% used [0x142d0000, 0x14d65dc8, 0x14d65e00, 0x14ed0000)
No shared spaces configured.
Event: 83.829 GC heap after
Heap after GC invocations=95 (full 1):
 def new generation   total 8384K, used 348K [0x042d0000, 0x04be0000, 0x09820000)
  eden space 7488K,   0% used [0x042d0000, 0x042d0000, 0x04a20000)
  from space 896K,  38% used [0x04b00000, 0x04b57180, 0x04be0000)
  to   space 896K,   0% used [0x04a20000, 0x04a20000, 0x04b00000)
 tenured generation   total 18456K, used 13858K [0x09820000, 0x0aa26000, 0x142d0000)
   the space 18456K,  75% used [0x09820000, 0x0a5a8900, 0x0a5a8a00, 0x0aa26000)
 compacting perm gen  total 12288K, used 10839K [0x142d0000, 0x14ed0000, 0x182d0000)
   the space 12288K,  88% used [0x142d0000, 0x14d65dc8, 0x14d65e00, 0x14ed0000)
No shared spaces configured.
}
Event: 85.800 GC heap before
{Heap before GC invocations=95 (full 1):
 def new generation   total 8384K, used 7836K [0x042d0000, 0x04be0000, 0x09820000)
  eden space 7488K, 100% used [0x042d0000, 0x04a20000, 0x04a20000)
  from space 896K,  38% used [0x04b00000, 0x04b57180, 0x04be0000)
  to   space 896K,   0% used [0x04a20000, 0x04a20000, 0x04b00000)
 tenured generation   total 18456K, used 13858K [0x09820000, 0x0aa26000, 0x142d0000)
   the space 18456K,  75% used [0x09820000, 0x0a5a8900, 0x0a5a8a00, 0x0aa26000)
 compacting perm gen  total 12288K, used 10854K [0x142d0000, 0x14ed0000, 0x182d0000)
   the space 12288K,  88% used [0x142d0000, 0x14d69b70, 0x14d69c00, 0x14ed0000)
No shared spaces configured.
Event: 85.805 GC heap after
Heap after GC invocations=96 (full 1):
 def new generation   total 8384K, used 896K [0x042d0000, 0x04be0000, 0x09820000)
  eden space 7488K,   0% used [0x042d0000, 0x042d0000, 0x04a20000)
  from space 896K, 100% used [0x04a20000, 0x04b00000, 0x04b00000)
  to   space 896K,   0% used [0x04b00000, 0x04b00000, 0x04be0000)
 tenured generation   total 18456K, used 15222K [0x09820000, 0x0aa26000, 0x142d0000)
   the space 18456K,  82% used [0x09820000, 0x0a6fd888, 0x0a6fda00, 0x0aa26000)
 compacting perm gen  total 12288K, used 10854K [0x142d0000, 0x14ed0000, 0x182d0000)
   the space 12288K,  88% used [0x142d0000, 0x14d69b70, 0x14d69c00, 0x14ed0000)
No shared spaces configured.
}
Event: 86.001 GC heap before
{Heap before GC invocations=96 (full 1):
 def new generation   total 8384K, used 8384K [0x042d0000, 0x04be0000, 0x09820000)
  eden space 7488K, 100% used [0x042d0000, 0x04a20000, 0x04a20000)
  from space 896K, 100% used [0x04a20000, 0x04b00000, 0x04b00000)
  to   space 896K,   0% used [0x04b00000, 0x04b00000, 0x04be0000)
 tenured generation   total 18456K, used 15222K [0x09820000, 0x0aa26000, 0x142d0000)
   the space 18456K,  82% used [0x09820000, 0x0a6fd888, 0x0a6fda00, 0x0aa26000)
 compacting perm gen  total 12288K, used 10879K [0x142d0000, 0x14ed0000, 0x182d0000)
   the space 12288K,  88% used [0x142d0000, 0x14d6fd80, 0x14d6fe00, 0x14ed0000)
No shared spaces configured.
Event: 86.006 GC heap after
Heap after GC invocations=97 (full 1):
 def new generation   total 8384K, used 896K [0x042d0000, 0x04be0000, 0x09820000)
  eden space 7488K,   0% used [0x042d0000, 0x042d0000, 0x04a20000)
  from space 896K, 100% used [0x04b00000, 0x04be0000, 0x04be0000)
  to   space 896K,   0% used [0x04a20000, 0x04a20000, 0x04b00000)
 tenured generation   total 18456K, used 16590K [0x09820000, 0x0aa26000, 0x142d0000)
   the space 18456K,  89% used [0x09820000, 0x0a853928, 0x0a853a00, 0x0aa26000)
 compacting perm gen  total 12288K, used 10879K [0x142d0000, 0x14ed0000, 0x182d0000)
   the space 12288K,  88% used [0x142d0000, 0x14d6fd80, 0x14d6fe00, 0x14ed0000)
No shared spaces configured.
}
Event: 86.150 GC heap before
{Heap before GC invocations=97 (full 1):
 def new generation   total 8384K, used 8384K [0x042d0000, 0x04be0000, 0x09820000)
  eden space 7488K, 100% used [0x042d0000, 0x04a20000, 0x04a20000)
  from space 896K, 100% used [0x04b00000, 0x04be0000, 0x04be0000)
  to   space 896K,   0% used [0x04a20000, 0x04a20000, 0x04b00000)
 tenured generation   total 18456K, used 16590K [0x09820000, 0x0aa26000, 0x142d0000)
   the space 18456K,  89% used [0x09820000, 0x0a853928, 0x0a853a00, 0x0aa26000)
 compacting perm gen  total 12288K, used 10882K [0x142d0000, 0x14ed0000, 0x182d0000)
   the space 12288K,  88% used [0x142d0000, 0x14d709e8, 0x14d70a00, 0x14ed0000)
No shared spaces configured.
Event: 86.192 GC heap after
Heap after GC invocations=98 (full 2):
 def new generation   total 8384K, used 0K [0x042d0000, 0x04be0000, 0x09820000)
  eden space 7488K,   0% used [0x042d0000, 0x042d0000, 0x04a20000)
  from space 896K,   0% used [0x04a20000, 0x04a20000, 0x04b00000)
  to   space 896K,   0% used [0x04b00000, 0x04b00000, 0x04be0000)
 tenured generation   total 18456K, used 10980K [0x09820000, 0x0aa26000, 0x142d0000)
   the space 18456K,  59% used [0x09820000, 0x0a2d9320, 0x0a2d9400, 0x0aa26000)
 compacting perm gen  total 12288K, used 10882K [0x142d0000, 0x14ed0000, 0x182d0000)
   the space 12288K,  88% used [0x142d0000, 0x14d709e8, 0x14d70a00, 0x14ed0000)
No shared spaces configured.
}

