# JRE version: Java(TM) SE Runtime Environment (7.0_45-b18) (build 1.7.0_45-b18)
# Java VM: Java HotSpot(TM) Client VM (24.45-b08 mixed mode, sharing windows-x86 )
Heap
 def new generation   total 20544K, used 4283K [0x24320000, 0x25960000, 0x29870000)
  eden space 18304K,  11% used [0x24320000, 0x2451ed40, 0x25500000)
  from space 2240K, 100% used [0x25730000, 0x25960000, 0x25960000)
  to   space 2240K,   0% used [0x25500000, 0x25500000, 0x25730000)
 tenured generation   total 45512K, used 38328K [0x29870000, 0x2c4e2000, 0x34320000)
   the space 45512K,  84% used [0x29870000, 0x2bdde2c0, 0x2bdde400, 0x2c4e2000)
 compacting perm gen  total 12288K, used 4047K [0x34320000, 0x34f20000, 0x38320000)
   the space 12288K,  32% used [0x34320000, 0x34713c68, 0x34713e00, 0x34f20000)
    ro space 10240K,  44% used [0x38320000, 0x38797808, 0x38797a00, 0x38d20000)
    rw space 12288K,  52% used [0x38d20000, 0x3936e610, 0x3936e800, 0x39920000)
GC Heap History (10 events):
Event: 43.570 GC heap before
{Heap before GC invocations=248 (full 37):
 def new generation   total 20544K, used 18304K [0x24320000, 0x25960000, 0x29870000)
  eden space 18304K, 100% used [0x24320000, 0x25500000, 0x25500000)
  from space 2240K,   0% used [0x25500000, 0x25500000, 0x25730000)
  to   space 2240K,   0% used [0x25730000, 0x25730000, 0x25960000)
 tenured generation   total 45512K, used 20238K [0x29870000, 0x2c4e2000, 0x34320000)
   the space 45512K,  44% used [0x29870000, 0x2ac33bd8, 0x2ac33c00, 0x2c4e2000)
 compacting perm gen  total 12288K, used 3913K [0x34320000, 0x34f20000, 0x38320000)
   the space 12288K,  31% used [0x34320000, 0x346f2680, 0x346f2800, 0x34f20000)
    ro space 10240K,  44% used [0x38320000, 0x38797808, 0x38797a00, 0x38d20000)
    rw space 12288K,  52% used [0x38d20000, 0x3936e610, 0x3936e800, 0x39920000)
Event: 43.589 GC heap after
Heap after GC invocations=249 (full 37):
 def new generation   total 20544K, used 2240K [0x24320000, 0x25960000, 0x29870000)
  eden space 18304K,   0% used [0x24320000, 0x24320000, 0x25500000)
  from space 2240K, 100% used [0x25730000, 0x25960000, 0x25960000)
  to   space 2240K,   0% used [0x25500000, 0x25500000, 0x25730000)
 tenured generation   total 45512K, used 21574K [0x29870000, 0x2c4e2000, 0x34320000)
   the space 45512K,  47% used [0x29870000, 0x2ad818f0, 0x2ad81a00, 0x2c4e2000)
 compacting perm gen  total 12288K, used 3913K [0x34320000, 0x34f20000, 0x38320000)
   the space 12288K,  31% used [0x34320000, 0x346f2680, 0x346f2800, 0x34f20000)
    ro space 10240K,  44% used [0x38320000, 0x38797808, 0x38797a00, 0x38d20000)
    rw space 12288K,  52% used [0x38d20000, 0x3936e610, 0x3936e800, 0x39920000)
}
Event: 43.628 GC heap before
{Heap before GC invocations=249 (full 37):
 def new generation   total 20544K, used 20544K [0x24320000, 0x25960000, 0x29870000)
  eden space 18304K, 100% used [0x24320000, 0x25500000, 0x25500000)
  from space 2240K, 100% used [0x25730000, 0x25960000, 0x25960000)
  to   space 2240K,   0% used [0x25500000, 0x25500000, 0x25730000)
 tenured generation   total 45512K, used 21574K [0x29870000, 0x2c4e2000, 0x34320000)
   the space 45512K,  47% used [0x29870000, 0x2ad818f0, 0x2ad81a00, 0x2c4e2000)
 compacting perm gen  total 12288K, used 3913K [0x34320000, 0x34f20000, 0x38320000)
   the space 12288K,  31% used [0x34320000, 0x346f2680, 0x346f2800, 0x34f20000)
    ro space 10240K,  44% used [0x38320000, 0x38797808, 0x38797a00, 0x38d20000)
    rw space 12288K,  52% used [0x38d20000, 0x3936e610, 0x3936e800, 0x39920000)
Event: 43.646 GC heap after
Heap after GC invocations=250 (full 37):
 def new generation   total 20544K, used 2240K [0x24320000, 0x25960000, 0x29870000)
  eden space 18304K,   0% used [0x24320000, 0x24320000, 0x25500000)
  from space 2240K, 100% used [0x25500000, 0x25730000, 0x25730000)
  to   space 2240K,   0% used [0x25730000, 0x25730000, 0x25960000)
 tenured generation   total 45512K, used 25672K [0x29870000, 0x2c4e2000, 0x34320000)
   the space 45512K,  56% used [0x29870000, 0x2b182048, 0x2b182200, 0x2c4e2000)
 compacting perm gen  total 12288K, used 3913K [0x34320000, 0x34f20000, 0x38320000)
   the space 12288K,  31% used [0x34320000, 0x346f2680, 0x346f2800, 0x34f20000)
    ro space 10240K,  44% used [0x38320000, 0x38797808, 0x38797a00, 0x38d20000)
    rw space 12288K,  52% used [0x38d20000, 0x3936e610, 0x3936e800, 0x39920000)
}
Event: 46.168 GC heap before
{Heap before GC invocations=250 (full 37):
 def new generation   total 20544K, used 20544K [0x24320000, 0x25960000, 0x29870000)
  eden space 18304K, 100% used [0x24320000, 0x25500000, 0x25500000)
  from space 2240K, 100% used [0x25500000, 0x25730000, 0x25730000)
  to   space 2240K,   0% used [0x25730000, 0x25730000, 0x25960000)
 tenured generation   total 45512K, used 25672K [0x29870000, 0x2c4e2000, 0x34320000)
   the space 45512K,  56% used [0x29870000, 0x2b182048, 0x2b182200, 0x2c4e2000)
 compacting perm gen  total 12288K, used 3990K [0x34320000, 0x34f20000, 0x38320000)
   the space 12288K,  32% used [0x34320000, 0x34705828, 0x34705a00, 0x34f20000)
    ro space 10240K,  44% used [0x38320000, 0x38797808, 0x38797a00, 0x38d20000)
    rw space 12288K,  52% used [0x38d20000, 0x3936e610, 0x3936e800, 0x39920000)
Event: 46.184 GC heap after
Heap after GC invocations=251 (full 37):
 def new generation   total 20544K, used 2240K [0x24320000, 0x25960000, 0x29870000)
  eden space 18304K,   0% used [0x24320000, 0x24320000, 0x25500000)
  from space 2240K, 100% used [0x25730000, 0x25960000, 0x25960000)
  to   space 2240K,   0% used [0x25500000, 0x25500000, 0x25730000)
 tenured generation   total 45512K, used 30276K [0x29870000, 0x2c4e2000, 0x34320000)
   the space 45512K,  66% used [0x29870000, 0x2b6011b0, 0x2b601200, 0x2c4e2000)
 compacting perm gen  total 12288K, used 3990K [0x34320000, 0x34f20000, 0x38320000)
   the space 12288K,  32% used [0x34320000, 0x34705828, 0x34705a00, 0x34f20000)
    ro space 10240K,  44% used [0x38320000, 0x38797808, 0x38797a00, 0x38d20000)
    rw space 12288K,  52% used [0x38d20000, 0x3936e610, 0x3936e800, 0x39920000)
}
Event: 46.445 GC heap before
{Heap before GC invocations=251 (full 37):
 def new generation   total 20544K, used 20544K [0x24320000, 0x25960000, 0x29870000)
  eden space 18304K, 100% used [0x24320000, 0x25500000, 0x25500000)
  from space 2240K, 100% used [0x25730000, 0x25960000, 0x25960000)
  to   space 2240K,   0% used [0x25500000, 0x25500000, 0x25730000)
 tenured generation   total 45512K, used 30276K [0x29870000, 0x2c4e2000, 0x34320000)
   the space 45512K,  66% used [0x29870000, 0x2b6011b0, 0x2b601200, 0x2c4e2000)
 compacting perm gen  total 12288K, used 4011K [0x34320000, 0x34f20000, 0x38320000)
   the space 12288K,  32% used [0x34320000, 0x3470aff8, 0x3470b000, 0x34f20000)
    ro space 10240K,  44% used [0x38320000, 0x38797808, 0x38797a00, 0x38d20000)
    rw space 12288K,  52% used [0x38d20000, 0x3936e610, 0x3936e800, 0x39920000)
Event: 46.460 GC heap after
Heap after GC invocations=252 (full 37):
 def new generation   total 20544K, used 2240K [0x24320000, 0x25960000, 0x29870000)
  eden space 18304K,   0% used [0x24320000, 0x24320000, 0x25500000)
  from space 2240K, 100% used [0x25500000, 0x25730000, 0x25730000)
  to   space 2240K,   0% used [0x25730000, 0x25730000, 0x25960000)
 tenured generation   total 45512K, used 34569K [0x29870000, 0x2c4e2000, 0x34320000)
   the space 45512K,  75% used [0x29870000, 0x2ba32780, 0x2ba32800, 0x2c4e2000)
 compacting perm gen  total 12288K, used 4011K [0x34320000, 0x34f20000, 0x38320000)
   the space 12288K,  32% used [0x34320000, 0x3470aff8, 0x3470b000, 0x34f20000)
    ro space 10240K,  44% used [0x38320000, 0x38797808, 0x38797a00, 0x38d20000)
    rw space 12288K,  52% used [0x38d20000, 0x3936e610, 0x3936e800, 0x39920000)
}
Event: 46.926 GC heap before
{Heap before GC invocations=252 (full 37):
 def new generation   total 20544K, used 20544K [0x24320000, 0x25960000, 0x29870000)
  eden space 18304K, 100% used [0x24320000, 0x25500000, 0x25500000)
  from space 2240K, 100% used [0x25500000, 0x25730000, 0x25730000)
  to   space 2240K,   0% used [0x25730000, 0x25730000, 0x25960000)
 tenured generation   total 45512K, used 34569K [0x29870000, 0x2c4e2000, 0x34320000)
   the space 45512K,  75% used [0x29870000, 0x2ba32780, 0x2ba32800, 0x2c4e2000)
 compacting perm gen  total 12288K, used 4015K [0x34320000, 0x34f20000, 0x38320000)
   the space 12288K,  32% used [0x34320000, 0x3470bd88, 0x3470be00, 0x34f20000)
    ro space 10240K,  44% used [0x38320000, 0x38797808, 0x38797a00, 0x38d20000)
    rw space 12288K,  52% used [0x38d20000, 0x3936e610, 0x3936e800, 0x39920000)
Event: 46.944 GC heap after
Heap after GC invocations=253 (full 37):
 def new generation   total 20544K, used 2240K [0x24320000, 0x25960000, 0x29870000)
  eden space 18304K,   0% used [0x24320000, 0x24320000, 0x25500000)
  from space 2240K, 100% used [0x25730000, 0x25960000, 0x25960000)
  to   space 2240K,   0% used [0x25500000, 0x25500000, 0x25730000)
 tenured generation   total 45512K, used 38328K [0x29870000, 0x2c4e2000, 0x34320000)
   the space 45512K,  84% used [0x29870000, 0x2bdde2c0, 0x2bdde400, 0x2c4e2000)
 compacting perm gen  total 12288K, used 4015K [0x34320000, 0x34f20000, 0x38320000)
   the space 12288K,  32% used [0x34320000, 0x3470bd88, 0x3470be00, 0x34f20000)
    ro space 10240K,  44% used [0x38320000, 0x38797808, 0x38797a00, 0x38d20000)
    rw space 12288K,  52% used [0x38d20000, 0x3936e610, 0x3936e800, 0x39920000)
}

